nohup: ignoring input
┌ Warning: crujra_forcing_data_artifact already exists. Content will end up in the artifact and may be overwritten.
└ @ Main ~/ClimaArtifacts/crujra_forcing_data/create_artifact.jl:21
┌ Warning: Abort this calculation, unless you know what you are doing.
└ @ Main ~/ClimaArtifacts/crujra_forcing_data/create_artifact.jl:22
ERROR: LoadError: MethodError: no method matching Float32(::Missing)

Closest candidates are:
  (::Type{T})(!Matched::AbstractChar) where T<:Union{AbstractChar, Number}
   @ Base char.jl:50
  (::Type{T})(!Matched::Base.TwicePrecision) where T<:Number
   @ Base twiceprecision.jl:266
  (::Type{T})(!Matched::Complex) where T<:Real
   @ Base complex.jl:44
  ...

Stacktrace:
  [1] _broadcast_getindex_evalf(f::Type{Float32}, args::Missing)
    @ Base.Broadcast ./broadcast.jl:683
  [2] _broadcast_getindex
    @ ./broadcast.jl:656 [inlined]
  [3] getindex
    @ ./broadcast.jl:610 [inlined]
  [4] macro expansion
    @ ./broadcast.jl:974 [inlined]
  [5] macro expansion
    @ ./simdloop.jl:77 [inlined]
  [6] copyto!
    @ ./broadcast.jl:973 [inlined]
  [7] copyto!
    @ ./broadcast.jl:926 [inlined]
  [8] copy
    @ ./broadcast.jl:898 [inlined]
  [9] materialize(bc::Base.Broadcast.Broadcasted{Base.Broadcast.DefaultArrayStyle{3}, Nothing, Type{Float32}, Tuple{Array{Union{Missing, Float32}, 3}}})
    @ Base.Broadcast ./broadcast.jl:873
 [10] (::var"#3#4"{CommonDataModel.MFDataset{DeferDataset{NCDataset}, 1, String}, Vector{String}})(ds::NCDataset{Nothing, Missing})
    @ Main ~/ClimaArtifacts/crujra_forcing_data/postprocess_artifact.jl:53
 [11] NCDataset(::var"#3#4"{CommonDataModel.MFDataset{DeferDataset{NCDataset}, 1, String}, Vector{String}}, ::String, ::Vararg{String}; kwargs::Base.Pairs{Symbol, Union{}, Tuple{}, NamedTuple{(), Tuple{}}})
    @ NCDatasets ~/.julia/packages/NCDatasets/LjXBn/src/dataset.jl:252
 [12] NCDataset
    @ ~/.julia/packages/NCDatasets/LjXBn/src/dataset.jl:249 [inlined]
 [13] postprocess_artifact(mfds::CommonDataModel.MFDataset{DeferDataset{NCDataset}, 1, String}, fileout::String)
    @ Main ~/ClimaArtifacts/crujra_forcing_data/postprocess_artifact.jl:24
 [14] top-level scope
    @ ~/ClimaArtifacts/crujra_forcing_data/create_artifact.jl:71
in expression starting at /home/renatob/ClimaArtifacts/crujra_forcing_data/create_artifact.jl:47
Processing 123 years of CRUJRA data
Completed years: 1
Remaining years: 122
Free space: 4985.5 GB
Required space: 353.8 GB

crujra_forcing_data_artifact/crujra_forcing_data_1901_0.5x0.5.nc already exists; skipping
Processing year 1902: 12 monthly files
